\BOOKMARK [-1][-]{part.1}{I חלק ראשון - מרחבים שמורים}{}% 1
\BOOKMARK [0][-]{chapter.1}{מטריצות מייצגות}{part.1}% 2
\BOOKMARK [1][-]{section.1.1}{הגדרות בסיסיות}{chapter.1}% 3
\BOOKMARK [1][-]{section.1.2}{גרעין ותמונה}{chapter.1}% 4
\BOOKMARK [0][-]{chapter.2}{סכומים ישרים ולכסינות}{part.1}% 5
\BOOKMARK [1][-]{section.2.1}{סכומים ישרים}{chapter.2}% 6
\BOOKMARK [1][-]{section.2.2}{לכסינות}{chapter.2}% 7
\BOOKMARK [1][-]{section.2.3}{מרחבים שמורים}{chapter.2}% 8
\BOOKMARK [0][-]{chapter.3}{צורת ז'ורדן}{part.1}% 9
\BOOKMARK [1][-]{section.3.1}{אופרטורים נילפוטנטיים}{chapter.3}% 10
\BOOKMARK [2][-]{subsection.3.1.1}{מציאת בסיס ז'ורדן עבור אופרטורים נילפוטנטיים}{section.3.1}% 11
\BOOKMARK [1][-]{section.3.2}{משפט ז'ורדן הכללי}{chapter.3}% 12
\BOOKMARK [2][-]{subsection.3.2.1}{מציאת בסיס ז'ורדן עבור אופרטור כללי}{section.3.2}% 13
\BOOKMARK [1][-]{section.3.3}{הפולינום המינימלי ופירוק פרימרי}{chapter.3}% 14
\BOOKMARK [0][-]{chapter.4}{תרגילי חזרה}{part.1}% 15
\BOOKMARK [-1][-]{part.2}{II חלק שני - מרחבי מכפלה פנימית ואלגברה מולטי־לינארית}{}% 16
\BOOKMARK [0][-]{chapter.5}{מרחבי מכפלה פנימית}{part.2}% 17
\BOOKMARK [1][-]{section.5.1}{מוטיבציה}{chapter.5}% 18
\BOOKMARK [1][-]{section.5.2}{הגדרות}{chapter.5}% 19
\BOOKMARK [1][-]{section.5.3}{תכונות של מכפלות פנימיות, ונורמות}{chapter.5}% 20
\BOOKMARK [1][-]{section.5.4}{מטריקות וניצבות}{chapter.5}% 21
